Arguments: 
  /usr/local/bin/node /usr/local/Cellar/yarn/1.22.10/libexec/bin/yarn.js

PATH: 
  /usr/local/bin:/usr/bin:/bin:/usr/sbin:/sbin

Yarn version: 
  1.22.10

Node version: 
  14.15.3

Platform: 
  darwin x64

Trace: 
  Error: getaddrinfo ENOTFOUND registry.yarnpkg.com
      at GetAddrInfoReqWrap.onlookup [as oncomplete] (dns.js:67:26)

npm manifest: 
  {
    "name": "Document_Creator",
    "version": "0.1.0",
    "private": true,
    "dependencies": {
      "@react-google-maps/api": "^2.1.1",
      "@testing-library/react": "^11.1.0",
      "@testing-library/user-event": "^12.1.10",
      "axios": "^0.21.1",
      "node-sass": "^6.0.0",
      "react": "^17.0.1",
      "react-dom": "^17.0.1",
      "react-redux": "^7.2.3",
      "react-router-dom": "^5.2.0",
      "react-scripts": "4.0.3",
      "redux-mock-store": "^1.5.4",
      "redux-thunk": "^2.3.0",
      "web-vitals": "^1.0.1"
    },
    "scripts": {
      "start": "react-scripts start",
      "build": "react-scripts build",
      "test": "react-scripts test",
      "eject": "react-scripts eject"
    },
    "eslintConfig": {
      "extends": [
        "react-app",
        "react-app/jest"
      ]
    },
    "browserslist": {
      "production": [
        ">0.2%",
        "not dead",
        "not op_mini all"
      ],
      "development": [
        "last 1 chrome version",
        "last 1 firefox version",
        "last 1 safari version"
      ]
    },
    "devDependencies": {
      "@testing-library/jest-dom": "^5.12.0",
      "enzyme": "^3.11.0",
      "enzyme-adapter-react-16": "^1.15.6",
      "jest": "26.6.0",
      "jest-enzyme": "^7.1.2"
    }
  }

yarn manifest: 
  No manifest

Lockfile: 
  No lockfile
